<?xml version="1.0" encoding="UTF-8"?>
<!-- Generated by org.testng.reporters.JUnitReportReporter -->
<testsuite hostname="gogu-bb5e3d5dcc" name="SampleTest" tests="2" failures="0" timestamp="25 May 2013 10:58:09 GMT" time="0.015" errors="0">
  <testcase name="testLoign" time="0.000" classname="SampleTest"/>
  <testcase name="testApp" time="0.015" classname="SampleTest"/>
</testsuite> <!-- SampleTest -->
