<?xml version="1.0" encoding="UTF-8"?>
<!-- Generated by org.testng.reporters.JUnitReportReporter -->
<testsuite hostname="gogu-PC" name="test.YahooTest" tests="2" failures="0" timestamp="23 May 2015 08:27:00 GMT" time="0.001" errors="0">
  <testcase name="testSendMail" time="0.000" classname="test.YahooTest"/>
  <testcase name="testReceiveMail" time="0.001" classname="test.YahooTest"/>
</testsuite>
